{"name": "test_view_category_products", "status": "broken", "statusDetails": {"message": "selenium.common.exceptions.TimeoutException: Message: \nStacktrace:\n\tGetHandleVerifier [0x0x7ff748fa81f5+23461]\n\t(No symbol) [0x0x7ff748efc2e0]\n\tGetHandleVerifier [0x0x7ff749220128+2611928]\n\t(No symbol) [0x0x7ff748d191a8]\n\t(No symbol) [0x0x7ff748d1946b]\n\t(No symbol) [0x0x7ff748d59a67]\n\t(No symbol) [0x0x7ff748d3a6ff]\n\t(No symbol) [0x0x7ff748d0f58d]\n\t(No symbol) [0x0x7ff748d5754f]\n\t(No symbol) [0x0x7ff748d3a423]\n\t(No symbol) [0x0x7ff748d0ea86]\n\t(No symbol) [0x0x7ff748d0dd11]\n\t(No symbol) [0x0x7ff748d0e8b3]\n\t(No symbol) [0x0x7ff748e0dd3d]\n\t(No symbol) [0x0x7ff748e1b0c8]\n\tGetHandleVerifier [0x0x7ff74908803b+940523]\n\tGetHandleVerifier [0x0x7ff749090d91+976705]\n\t(No symbol) [0x0x7ff748f09ed1]\n\t(No symbol) [0x0x7ff748f028b4]\n\t(No symbol) [0x0x7ff748f02a03]\n\t(No symbol) [0x0x7ff748ef44a6]\n\tBaseThreadInitThunk [0x0x7ff8085de8d7+23]\n\tRtlUserThreadStart [0x0x7ff80899c34c+44]", "trace": "driver = <selenium.webdriver.edge.webdriver.WebDriver (session=\"8df796a1370f4a0d02d1dfcbc767fca8\")>\n\n    def test_view_category_products(driver):\n        view_category_products_page(driver)\\\n>           .click_category_and_verify(\"//a[text()='Women']\", \"Women\")\n             ^^^^^^^^^^^^^^^^^^^^^^^^^^^^^^^^^^^^^^^^^^^^^^^^^^^^^^^^^\n\nselenium_tests\\pytest_pages\\test_view_category_products.py:10: \n_ _ _ _ _ _ _ _ _ _ _ _ _ _ _ _ _ _ _ _ _ _ _ _ _ _ _ _ _ _ _ _ _ _ _ _ _ _ _ _\nselenium_tests\\pages\\view_category_products_page.py:14: in click_category_and_verify\n    category_elem = self.wait.until(EC.element_to_be_clickable((By.XPATH, category_xpath)))\n                    ^^^^^^^^^^^^^^^^^^^^^^^^^^^^^^^^^^^^^^^^^^^^^^^^^^^^^^^^^^^^^^^^^^^^^^^\n_ _ _ _ _ _ _ _ _ _ _ _ _ _ _ _ _ _ _ _ _ _ _ _ _ _ _ _ _ _ _ _ _ _ _ _ _ _ _ _\n\nself = <selenium.webdriver.support.wait.WebDriverWait (session=\"8df796a1370f4a0d02d1dfcbc767fca8\")>\nmethod = <function element_to_be_clickable.<locals>._predicate at 0x000001935ED69C60>\nmessage = ''\n\n    def until(self, method: Callable[[D], Union[Literal[False], T]], message: str = \"\") -> T:\n        \"\"\"Wait until the method returns a value that is not False.\n    \n        Calls the method provided with the driver as an argument until the\n        return value does not evaluate to ``False``.\n    \n        Parameters:\n        -----------\n        method: callable(WebDriver)\n            - A callable object that takes a WebDriver instance as an argument.\n    \n        message: str\n            - Optional message for :exc:`TimeoutException`\n    \n        Return:\n        -------\n        object: T\n            - The result of the last call to `method`\n    \n        Raises:\n        -------\n        TimeoutException\n            - If 'method' does not return a truthy value within the WebDriverWait\n            object's timeout\n    \n        Example:\n        --------\n        >>> from selenium.webdriver.common.by import By\n        >>> from selenium.webdriver.support.ui import WebDriverWait\n        >>> from selenium.webdriver.support import expected_conditions as EC\n    \n        # Wait until an element is visible on the page\n        >>> wait = WebDriverWait(driver, 10)\n        >>> element = wait.until(EC.visibility_of_element_located((By.ID, \"exampleId\")))\n        >>> print(element.text)\n        \"\"\"\n        screen = None\n        stacktrace = None\n    \n        end_time = time.monotonic() + self._timeout\n        while True:\n            try:\n                value = method(self._driver)\n                if value:\n                    return value\n            except self._ignored_exceptions as exc:\n                screen = getattr(exc, \"screen\", None)\n                stacktrace = getattr(exc, \"stacktrace\", None)\n            if time.monotonic() > end_time:\n                break\n            time.sleep(self._poll)\n>       raise TimeoutException(message, screen, stacktrace)\nE       selenium.common.exceptions.TimeoutException: Message: \nE       Stacktrace:\nE       \tGetHandleVerifier [0x0x7ff748fa81f5+23461]\nE       \t(No symbol) [0x0x7ff748efc2e0]\nE       \tGetHandleVerifier [0x0x7ff749220128+2611928]\nE       \t(No symbol) [0x0x7ff748d191a8]\nE       \t(No symbol) [0x0x7ff748d1946b]\nE       \t(No symbol) [0x0x7ff748d59a67]\nE       \t(No symbol) [0x0x7ff748d3a6ff]\nE       \t(No symbol) [0x0x7ff748d0f58d]\nE       \t(No symbol) [0x0x7ff748d5754f]\nE       \t(No symbol) [0x0x7ff748d3a423]\nE       \t(No symbol) [0x0x7ff748d0ea86]\nE       \t(No symbol) [0x0x7ff748d0dd11]\nE       \t(No symbol) [0x0x7ff748d0e8b3]\nE       \t(No symbol) [0x0x7ff748e0dd3d]\nE       \t(No symbol) [0x0x7ff748e1b0c8]\nE       \tGetHandleVerifier [0x0x7ff74908803b+940523]\nE       \tGetHandleVerifier [0x0x7ff749090d91+976705]\nE       \t(No symbol) [0x0x7ff748f09ed1]\nE       \t(No symbol) [0x0x7ff748f028b4]\nE       \t(No symbol) [0x0x7ff748f02a03]\nE       \t(No symbol) [0x0x7ff748ef44a6]\nE       \tBaseThreadInitThunk [0x0x7ff8085de8d7+23]\nE       \tRtlUserThreadStart [0x0x7ff80899c34c+44]\n\n.venv\\Lib\\site-packages\\selenium\\webdriver\\support\\wait.py:138: TimeoutException"}, "attachments": [{"name": "Failure Screenshot", "source": "0d77ad06-e8bd-4d26-9537-d6a245a96c8b-attachment.png", "type": "image/png"}, {"name": "log", "source": "15a2d12b-d43f-42ba-bfbe-53391a65ff9c-attachment.txt", "type": "text/plain"}], "start": 1755437882066, "stop": 1755437892096, "uuid": "b5cc7fc8-ffa9-4ecd-b29f-679893fa7c3c", "historyId": "8160930ca0e1747e60564b9b1a8098dd", "testCaseId": "8160930ca0e1747e60564b9b1a8098dd", "fullName": "selenium_tests.pytest_pages.test_view_category_products#test_view_category_products", "labels": [{"name": "parentSuite", "value": "selenium_tests.pytest_pages"}, {"name": "suite", "value": "test_view_category_products"}, {"name": "host", "value": "MSI"}, {"name": "thread", "value": "6316-MainThread"}, {"name": "framework", "value": "pytest"}, {"name": "language", "value": "cpython3"}, {"name": "package", "value": "selenium_tests.pytest_pages.test_view_category_products"}], "titlePath": ["selenium_tests", "pytest_pages", "test_view_category_products.py"]}