{"name": "test_place_order_register_checkout", "status": "broken", "statusDetails": {"message": "selenium.common.exceptions.TimeoutException: Message:", "trace": "driver = <selenium.webdriver.firefox.webdriver.WebDriver (session=\"f4828a09-76b7-46d2-a9c4-26306ec2c187\")>\n\n    def test_place_order_register_checkout(driver):\n        payment_data = {\n            \"name\": \"Test User\",\n            \"card_number\": \"4111111111111111\",\n            \"cvc\": \"123\",\n            \"month\": \"12\",\n            \"year\": \"2025\"\n        }\n    \n        # Initialize page object\n        place_order_page = place_order_register_checkout_page(driver)\n    \n        # Perform actions\n>       place_order_page.add_product_and_checkout()\n\nselenium_tests\\pytest_pages\\test_place_order_register_checkout.py:18: \n_ _ _ _ _ _ _ _ _ _ _ _ _ _ _ _ _ _ _ _ _ _ _ _ _ _ _ _ _ _ _ _ _ _ _ _ _ _ _ _\nselenium_tests\\pages\\place_order_register_checkout_page.py:33: in add_product_and_checkout\n    add_cart.add_first_product_to_cart().continue_shopping().view_cart()\n    ^^^^^^^^^^^^^^^^^^^^^^^^^^^^^^^^^^^^^^^^^^^^^^^^^^^^^^^^\nselenium_tests\\pages\\add_products_cart_page.py:29: in continue_shopping\n    continue_btn = self.wait.until(\n_ _ _ _ _ _ _ _ _ _ _ _ _ _ _ _ _ _ _ _ _ _ _ _ _ _ _ _ _ _ _ _ _ _ _ _ _ _ _ _\n\nself = <selenium.webdriver.support.wait.WebDriverWait (session=\"f4828a09-76b7-46d2-a9c4-26306ec2c187\")>\nmethod = <function element_to_be_clickable.<locals>._predicate at 0x0000016CDB121800>\nmessage = ''\n\n    def until(self, method: Callable[[D], Union[Literal[False], T]], message: str = \"\") -> T:\n        \"\"\"Wait until the method returns a value that is not False.\n    \n        Calls the method provided with the driver as an argument until the\n        return value does not evaluate to ``False``.\n    \n        Parameters:\n        -----------\n        method: callable(WebDriver)\n            - A callable object that takes a WebDriver instance as an argument.\n    \n        message: str\n            - Optional message for :exc:`TimeoutException`\n    \n        Return:\n        -------\n        object: T\n            - The result of the last call to `method`\n    \n        Raises:\n        -------\n        TimeoutException\n            - If 'method' does not return a truthy value within the WebDriverWait\n            object's timeout\n    \n        Example:\n        --------\n        >>> from selenium.webdriver.common.by import By\n        >>> from selenium.webdriver.support.ui import WebDriverWait\n        >>> from selenium.webdriver.support import expected_conditions as EC\n    \n        # Wait until an element is visible on the page\n        >>> wait = WebDriverWait(driver, 10)\n        >>> element = wait.until(EC.visibility_of_element_located((By.ID, \"exampleId\")))\n        >>> print(element.text)\n        \"\"\"\n        screen = None\n        stacktrace = None\n    \n        end_time = time.monotonic() + self._timeout\n        while True:\n            try:\n                value = method(self._driver)\n                if value:\n                    return value\n            except self._ignored_exceptions as exc:\n                screen = getattr(exc, \"screen\", None)\n                stacktrace = getattr(exc, \"stacktrace\", None)\n            if time.monotonic() > end_time:\n                break\n            time.sleep(self._poll)\n>       raise TimeoutException(message, screen, stacktrace)\nE       selenium.common.exceptions.TimeoutException: Message:\n\n.venv\\Lib\\site-packages\\selenium\\webdriver\\support\\wait.py:138: TimeoutException"}, "attachments": [{"name": "Failure Screenshot", "source": "143a9a3a-5b4f-4326-b42c-b90f8769b632-attachment.png", "type": "image/png"}], "start": 1755355044806, "stop": 1755355058266, "uuid": "155fff4e-ebba-4a3f-ac5a-5dbc5e4628c7", "historyId": "345f2e6fcac832155eff338b7bdd19e5", "testCaseId": "345f2e6fcac832155eff338b7bdd19e5", "fullName": "selenium_tests.pytest_pages.test_place_order_register_checkout#test_place_order_register_checkout", "labels": [{"name": "parentSuite", "value": "selenium_tests.pytest_pages"}, {"name": "suite", "value": "test_place_order_register_checkout"}, {"name": "host", "value": "MSI"}, {"name": "thread", "value": "16328-MainThread"}, {"name": "framework", "value": "pytest"}, {"name": "language", "value": "cpython3"}, {"name": "package", "value": "selenium_tests.pytest_pages.test_place_order_register_checkout"}], "titlePath": ["selenium_tests", "pytest_pages", "test_place_order_register_checkout.py"]}