{"name": "User adds the first product to cart and views the cart", "status": "broken", "statusDetails": {"message": "selenium.common.exceptions.ElementClickInterceptedException: Message: element click intercepted: Element <a data-product-id=\"1\" class=\"btn btn-default add-to-cart\">...</a> is not clickable at point (622, 683). Other element would receive the click: <iframe id=\"aswift_3\" name=\"aswift_3\" browsingtopics=\"true\" style=\"min-height: auto; max-height: none; min-width: auto; max-width: none; width: 728px !important; height: 90px !important; display: block; margin: 0px auto;\" sandbox=\"allow-forms allow-popups allow-popups-to-escape-sandbox allow-same-origin allow-scripts allow-top-navigation-by-user-activation\" width=\"728\" height=\"90\" frameborder=\"0\" marginwidth=\"0\" marginheight=\"0\" vspace=\"0\" hspace=\"0\" allowtransparency=\"true\" scrolling=\"no\" allow=\"attribution-reporting; run-ad-auction\" src=\"https://googleads.g.doubleclick.net/pagead/html/r20250814/r20190131/zrt_lookup_fy2021.html#RS-0-&amp;adk=1812271801&amp;client=ca-pub-1677597403311019&amp;fa=1&amp;ifi=4&amp;uci=a!4&amp;btvi=2\" data-google-container-id=\"a!4\" tabindex=\"0\" title=\"Advertisement\" aria-label=\"Advertisement\" data-google-query-id=\"CJ_En8CNkY8DFQ-L6QUdsmYm_g\" data-load-complete=\"true\"></iframe>\n  (Session info: MicrosoftEdge=139.0.3405.86); For documentation on this error, please visit: https://www.selenium.dev/documentation/webdriver/troubleshooting/errors#elementclickinterceptedexception\nStacktrace:\n\tGetHandleVerifier [0x0x7ff758b081f5+23461]\n\t(No symbol) [0x0x7ff758a5c2e0]\n\tGetHandleVerifier [0x0x7ff758d80128+2611928]\n\t(No symbol) [0x0x7ff75887fd35]\n\t(No symbol) [0x0x7ff75887dce3]\n\t(No symbol) [0x0x7ff75887b75d]\n\t(No symbol) [0x0x7ff75887a928]\n\t(No symbol) [0x0x7ff75886fbfe]\n\t(No symbol) [0x0x7ff75889a6ba]\n\t(No symbol) [0x0x7ff75886f58d]\n\t(No symbol) [0x0x7ff75886f44d]\n\t(No symbol) [0x0x7ff75889a980]\n\t(No symbol) [0x0x7ff75886f58d]\n\t(No symbol) [0x0x7ff7588b754f]\n\t(No symbol) [0x0x7ff75889a423]\n\t(No symbol) [0x0x7ff75886ea86]\n\t(No symbol) [0x0x7ff75886dd11]\n\t(No symbol) [0x0x7ff75886e8b3]\n\t(No symbol) [0x0x7ff75896dd3d]\n\t(No symbol) [0x0x7ff75897b0c8]\n\tGetHandleVerifier [0x0x7ff758be803b+940523]\n\tGetHandleVerifier [0x0x7ff758bf0d91+976705]\n\t(No symbol) [0x0x7ff758a69ed1]\n\t(No symbol) [0x0x7ff758a628b4]\n\t(No symbol) [0x0x7ff758a62a03]\n\t(No symbol) [0x0x7ff758a544a6]\n\tBaseThreadInitThunk [0x0x7ff8085de8d7+23]\n\tRtlUserThreadStart [0x0x7ff80899c34c+44]\n\n", "trace": "  File \"C:\\Users\\akash\\PycharmProjects\\Practicepython\\.venv\\Lib\\site-packages\\behave\\model.py\", line 1329, in run\n    match.run(runner.context)\n    ~~~~~~~~~^^^^^^^^^^^^^^^^\n  File \"C:\\Users\\akash\\PycharmProjects\\Practicepython\\.venv\\Lib\\site-packages\\behave\\matchers.py\", line 98, in run\n    self.func(context, *args, **kwargs)\n    ~~~~~~~~~^^^^^^^^^^^^^^^^^^^^^^^^^^\n  File \"features\\steps\\add_products_cart_steps.py\", line 10, in step_impl\n    context.cart_page.add_first_product_to_cart()\n    ~~~~~~~~~~~~~~~~~~~~~~~~~~~~~~~~~~~~~~~~~~~^^\n  File \"C:\\Users\\akash\\PycharmProjects\\Practicepython\\selenium_tests\\pages\\add_products_cart_page.py\", line 23, in add_first_product_to_cart\n    add_btn.click()\n    ~~~~~~~~~~~~~^^\n  File \"C:\\Users\\akash\\PycharmProjects\\Practicepython\\.venv\\Lib\\site-packages\\selenium\\webdriver\\remote\\webelement.py\", line 120, in click\n    self._execute(Command.CLICK_ELEMENT)\n    ~~~~~~~~~~~~~^^^^^^^^^^^^^^^^^^^^^^^\n  File \"C:\\Users\\akash\\PycharmProjects\\Practicepython\\.venv\\Lib\\site-packages\\selenium\\webdriver\\remote\\webelement.py\", line 573, in _execute\n    return self._parent.execute(command, params)\n           ~~~~~~~~~~~~~~~~~~~~^^^^^^^^^^^^^^^^^\n  File \"C:\\Users\\akash\\PycharmProjects\\Practicepython\\.venv\\Lib\\site-packages\\selenium\\webdriver\\remote\\webdriver.py\", line 454, in execute\n    self.error_handler.check_response(response)\n    ~~~~~~~~~~~~~~~~~~~~~~~~~~~~~~~~~^^^^^^^^^^\n  File \"C:\\Users\\akash\\PycharmProjects\\Practicepython\\.venv\\Lib\\site-packages\\selenium\\webdriver\\remote\\errorhandler.py\", line 232, in check_response\n    raise exception_class(message, screen, stacktrace)\n"}, "steps": [{"name": "Given I am on the add products cart page", "status": "passed", "start": 1755408296988, "stop": 1755408296989}, {"name": "When I add the first product to the cart", "status": "broken", "statusDetails": {"message": "selenium.common.exceptions.ElementClickInterceptedException: Message: element click intercepted: Element <a data-product-id=\"1\" class=\"btn btn-default add-to-cart\">...</a> is not clickable at point (622, 683). Other element would receive the click: <iframe id=\"aswift_3\" name=\"aswift_3\" browsingtopics=\"true\" style=\"min-height: auto; max-height: none; min-width: auto; max-width: none; width: 728px !important; height: 90px !important; display: block; margin: 0px auto;\" sandbox=\"allow-forms allow-popups allow-popups-to-escape-sandbox allow-same-origin allow-scripts allow-top-navigation-by-user-activation\" width=\"728\" height=\"90\" frameborder=\"0\" marginwidth=\"0\" marginheight=\"0\" vspace=\"0\" hspace=\"0\" allowtransparency=\"true\" scrolling=\"no\" allow=\"attribution-reporting; run-ad-auction\" src=\"https://googleads.g.doubleclick.net/pagead/html/r20250814/r20190131/zrt_lookup_fy2021.html#RS-0-&amp;adk=1812271801&amp;client=ca-pub-1677597403311019&amp;fa=1&amp;ifi=4&amp;uci=a!4&amp;btvi=2\" data-google-container-id=\"a!4\" tabindex=\"0\" title=\"Advertisement\" aria-label=\"Advertisement\" data-google-query-id=\"CJ_En8CNkY8DFQ-L6QUdsmYm_g\" data-load-complete=\"true\"></iframe>\n  (Session info: MicrosoftEdge=139.0.3405.86); For documentation on this error, please visit: https://www.selenium.dev/documentation/webdriver/troubleshooting/errors#elementclickinterceptedexception\nStacktrace:\n\tGetHandleVerifier [0x0x7ff758b081f5+23461]\n\t(No symbol) [0x0x7ff758a5c2e0]\n\tGetHandleVerifier [0x0x7ff758d80128+2611928]\n\t(No symbol) [0x0x7ff75887fd35]\n\t(No symbol) [0x0x7ff75887dce3]\n\t(No symbol) [0x0x7ff75887b75d]\n\t(No symbol) [0x0x7ff75887a928]\n\t(No symbol) [0x0x7ff75886fbfe]\n\t(No symbol) [0x0x7ff75889a6ba]\n\t(No symbol) [0x0x7ff75886f58d]\n\t(No symbol) [0x0x7ff75886f44d]\n\t(No symbol) [0x0x7ff75889a980]\n\t(No symbol) [0x0x7ff75886f58d]\n\t(No symbol) [0x0x7ff7588b754f]\n\t(No symbol) [0x0x7ff75889a423]\n\t(No symbol) [0x0x7ff75886ea86]\n\t(No symbol) [0x0x7ff75886dd11]\n\t(No symbol) [0x0x7ff75886e8b3]\n\t(No symbol) [0x0x7ff75896dd3d]\n\t(No symbol) [0x0x7ff75897b0c8]\n\tGetHandleVerifier [0x0x7ff758be803b+940523]\n\tGetHandleVerifier [0x0x7ff758bf0d91+976705]\n\t(No symbol) [0x0x7ff758a69ed1]\n\t(No symbol) [0x0x7ff758a628b4]\n\t(No symbol) [0x0x7ff758a62a03]\n\t(No symbol) [0x0x7ff758a544a6]\n\tBaseThreadInitThunk [0x0x7ff8085de8d7+23]\n\tRtlUserThreadStart [0x0x7ff80899c34c+44]\n\n", "trace": "  File \"C:\\Users\\akash\\PycharmProjects\\Practicepython\\.venv\\Lib\\site-packages\\behave\\model.py\", line 1329, in run\n    match.run(runner.context)\n    ~~~~~~~~~^^^^^^^^^^^^^^^^\n  File \"C:\\Users\\akash\\PycharmProjects\\Practicepython\\.venv\\Lib\\site-packages\\behave\\matchers.py\", line 98, in run\n    self.func(context, *args, **kwargs)\n    ~~~~~~~~~^^^^^^^^^^^^^^^^^^^^^^^^^^\n  File \"features\\steps\\add_products_cart_steps.py\", line 10, in step_impl\n    context.cart_page.add_first_product_to_cart()\n    ~~~~~~~~~~~~~~~~~~~~~~~~~~~~~~~~~~~~~~~~~~~^^\n  File \"C:\\Users\\akash\\PycharmProjects\\Practicepython\\selenium_tests\\pages\\add_products_cart_page.py\", line 23, in add_first_product_to_cart\n    add_btn.click()\n    ~~~~~~~~~~~~~^^\n  File \"C:\\Users\\akash\\PycharmProjects\\Practicepython\\.venv\\Lib\\site-packages\\selenium\\webdriver\\remote\\webelement.py\", line 120, in click\n    self._execute(Command.CLICK_ELEMENT)\n    ~~~~~~~~~~~~~^^^^^^^^^^^^^^^^^^^^^^^\n  File \"C:\\Users\\akash\\PycharmProjects\\Practicepython\\.venv\\Lib\\site-packages\\selenium\\webdriver\\remote\\webelement.py\", line 573, in _execute\n    return self._parent.execute(command, params)\n           ~~~~~~~~~~~~~~~~~~~~^^^^^^^^^^^^^^^^^\n  File \"C:\\Users\\akash\\PycharmProjects\\Practicepython\\.venv\\Lib\\site-packages\\selenium\\webdriver\\remote\\webdriver.py\", line 454, in execute\n    self.error_handler.check_response(response)\n    ~~~~~~~~~~~~~~~~~~~~~~~~~~~~~~~~~^^^^^^^^^^\n  File \"C:\\Users\\akash\\PycharmProjects\\Practicepython\\.venv\\Lib\\site-packages\\selenium\\webdriver\\remote\\errorhandler.py\", line 232, in check_response\n    raise exception_class(message, screen, stacktrace)\n"}, "attachments": [{"name": "Failure Screenshot", "source": "a1841c5f-1945-4f64-b624-c7f0381f903a-attachment.png", "type": "image/png"}, {"name": "Page Source", "source": "a3a90741-bdbd-4fb4-b371-baa591dce587-attachment.html", "type": "text/html"}, {"name": "Browser Console Logs", "source": "82d08eb2-d319-42aa-95d4-e8f9447ed306-attachment.txt", "type": "text/plain"}], "start": 1755408296989, "stop": 1755408299643}, {"name": "And I click Continue Shopping", "status": "skipped", "start": 1755408299650, "stop": 1755408299650}, {"name": "And I view the cart", "status": "skipped", "start": 1755408299650, "stop": 1755408299650}, {"name": "Then the product should be visible in the cart", "status": "skipped", "start": 1755408299650, "stop": 1755408299650}], "start": 1755408296988, "stop": 1755408299650, "uuid": "07624343-5d8e-4ef2-a530-01b8c1af3e90", "historyId": "a2804c3783c49824510af12763369dca", "fullName": "Add products to cart: User adds the first product to cart and views the cart", "labels": [{"name": "severity", "value": "normal"}, {"name": "feature", "value": "Add products to cart"}, {"name": "framework", "value": "behave"}, {"name": "language", "value": "cpython3"}], "titlePath": ["features", "Add products to cart"]}