{"uid":"ed1500dae69c3e58","name":"test_verify_cart_quantity","fullName":"selenium_tests.pytest_pages.test_verify_cart_quantity#test_verify_cart_quantity","historyId":"fe5e67b4986a0bd0841393bdcdb5c086","time":{"start":1755437845996,"stop":1755437859234,"duration":13238},"status":"broken","statusMessage":"selenium.common.exceptions.TimeoutException: Message: \nStacktrace:\n\tGetHandleVerifier [0x0x7ff748fa81f5+23461]\n\t(No symbol) [0x0x7ff748efc2e0]\n\tGetHandleVerifier [0x0x7ff749220128+2611928]\n\t(No symbol) [0x0x7ff748d191a8]\n\t(No symbol) [0x0x7ff748d1946b]\n\t(No symbol) [0x0x7ff748d59a67]\n\t(No symbol) [0x0x7ff748d3a6ff]\n\t(No symbol) [0x0x7ff748d0f58d]\n\t(No symbol) [0x0x7ff748d5754f]\n\t(No symbol) [0x0x7ff748d3a423]\n\t(No symbol) [0x0x7ff748d0ea86]\n\t(No symbol) [0x0x7ff748d0dd11]\n\t(No symbol) [0x0x7ff748d0e8b3]\n\t(No symbol) [0x0x7ff748e0dd3d]\n\t(No symbol) [0x0x7ff748e1b0c8]\n\tGetHandleVerifier [0x0x7ff74908803b+940523]\n\tGetHandleVerifier [0x0x7ff749090d91+976705]\n\t(No symbol) [0x0x7ff748f09ed1]\n\t(No symbol) [0x0x7ff748f028b4]\n\t(No symbol) [0x0x7ff748f02a03]\n\t(No symbol) [0x0x7ff748ef44a6]\n\tBaseThreadInitThunk [0x0x7ff8085de8d7+23]\n\tRtlUserThreadStart [0x0x7ff80899c34c+44]","statusTrace":"driver = <selenium.webdriver.edge.webdriver.WebDriver (session=\"c5e68ec8b92302aa563762ff2abd2d4b\")>\n\n    def test_verify_cart_quantity(driver):\n        verify_cart_quantity_page(driver)\\\n            .view_product_and_add_quantity(3)\\\n>           .verify_quantity_in_cart(3)\n             ^^^^^^^^^^^^^^^^^^^^^^^^^^\n\nselenium_tests\\pytest_pages\\test_verify_cart_quantity.py:9: \n_ _ _ _ _ _ _ _ _ _ _ _ _ _ _ _ _ _ _ _ _ _ _ _ _ _ _ _ _ _ _ _ _ _ _ _ _ _ _ _\nselenium_tests\\pages\\verify_cart_quantity_page.py:38: in verify_quantity_in_cart\n    qty_display = self.wait.until(\n_ _ _ _ _ _ _ _ _ _ _ _ _ _ _ _ _ _ _ _ _ _ _ _ _ _ _ _ _ _ _ _ _ _ _ _ _ _ _ _\n\nself = <selenium.webdriver.support.wait.WebDriverWait (session=\"c5e68ec8b92302aa563762ff2abd2d4b\")>\nmethod = <function visibility_of_element_located.<locals>._predicate at 0x000001935ED698A0>\nmessage = ''\n\n    def until(self, method: Callable[[D], Union[Literal[False], T]], message: str = \"\") -> T:\n        \"\"\"Wait until the method returns a value that is not False.\n    \n        Calls the method provided with the driver as an argument until the\n        return value does not evaluate to ``False``.\n    \n        Parameters:\n        -----------\n        method: callable(WebDriver)\n            - A callable object that takes a WebDriver instance as an argument.\n    \n        message: str\n            - Optional message for :exc:`TimeoutException`\n    \n        Return:\n        -------\n        object: T\n            - The result of the last call to `method`\n    \n        Raises:\n        -------\n        TimeoutException\n            - If 'method' does not return a truthy value within the WebDriverWait\n            object's timeout\n    \n        Example:\n        --------\n        >>> from selenium.webdriver.common.by import By\n        >>> from selenium.webdriver.support.ui import WebDriverWait\n        >>> from selenium.webdriver.support import expected_conditions as EC\n    \n        # Wait until an element is visible on the page\n        >>> wait = WebDriverWait(driver, 10)\n        >>> element = wait.until(EC.visibility_of_element_located((By.ID, \"exampleId\")))\n        >>> print(element.text)\n        \"\"\"\n        screen = None\n        stacktrace = None\n    \n        end_time = time.monotonic() + self._timeout\n        while True:\n            try:\n                value = method(self._driver)\n                if value:\n                    return value\n            except self._ignored_exceptions as exc:\n                screen = getattr(exc, \"screen\", None)\n                stacktrace = getattr(exc, \"stacktrace\", None)\n            if time.monotonic() > end_time:\n                break\n            time.sleep(self._poll)\n>       raise TimeoutException(message, screen, stacktrace)\nE       selenium.common.exceptions.TimeoutException: Message: \nE       Stacktrace:\nE       \tGetHandleVerifier [0x0x7ff748fa81f5+23461]\nE       \t(No symbol) [0x0x7ff748efc2e0]\nE       \tGetHandleVerifier [0x0x7ff749220128+2611928]\nE       \t(No symbol) [0x0x7ff748d191a8]\nE       \t(No symbol) [0x0x7ff748d1946b]\nE       \t(No symbol) [0x0x7ff748d59a67]\nE       \t(No symbol) [0x0x7ff748d3a6ff]\nE       \t(No symbol) [0x0x7ff748d0f58d]\nE       \t(No symbol) [0x0x7ff748d5754f]\nE       \t(No symbol) [0x0x7ff748d3a423]\nE       \t(No symbol) [0x0x7ff748d0ea86]\nE       \t(No symbol) [0x0x7ff748d0dd11]\nE       \t(No symbol) [0x0x7ff748d0e8b3]\nE       \t(No symbol) [0x0x7ff748e0dd3d]\nE       \t(No symbol) [0x0x7ff748e1b0c8]\nE       \tGetHandleVerifier [0x0x7ff74908803b+940523]\nE       \tGetHandleVerifier [0x0x7ff749090d91+976705]\nE       \t(No symbol) [0x0x7ff748f09ed1]\nE       \t(No symbol) [0x0x7ff748f028b4]\nE       \t(No symbol) [0x0x7ff748f02a03]\nE       \t(No symbol) [0x0x7ff748ef44a6]\nE       \tBaseThreadInitThunk [0x0x7ff8085de8d7+23]\nE       \tRtlUserThreadStart [0x0x7ff80899c34c+44]\n\n.venv\\Lib\\site-packages\\selenium\\webdriver\\support\\wait.py:138: TimeoutException","flaky":false,"newFailed":false,"newBroken":false,"newPassed":false,"retriesCount":0,"retriesStatusChange":false,"beforeStages":[{"name":"driver","time":{"start":1755437843137,"stop":1755437845995,"duration":2858},"status":"passed","steps":[],"attachments":[],"parameters":[],"attachmentsCount":0,"shouldDisplayMessage":false,"hasContent":false,"stepsCount":0,"attachmentStep":false}],"testStage":{"status":"broken","statusMessage":"selenium.common.exceptions.TimeoutException: Message: \nStacktrace:\n\tGetHandleVerifier [0x0x7ff748fa81f5+23461]\n\t(No symbol) [0x0x7ff748efc2e0]\n\tGetHandleVerifier [0x0x7ff749220128+2611928]\n\t(No symbol) [0x0x7ff748d191a8]\n\t(No symbol) [0x0x7ff748d1946b]\n\t(No symbol) [0x0x7ff748d59a67]\n\t(No symbol) [0x0x7ff748d3a6ff]\n\t(No symbol) [0x0x7ff748d0f58d]\n\t(No symbol) [0x0x7ff748d5754f]\n\t(No symbol) [0x0x7ff748d3a423]\n\t(No symbol) [0x0x7ff748d0ea86]\n\t(No symbol) [0x0x7ff748d0dd11]\n\t(No symbol) [0x0x7ff748d0e8b3]\n\t(No symbol) [0x0x7ff748e0dd3d]\n\t(No symbol) [0x0x7ff748e1b0c8]\n\tGetHandleVerifier [0x0x7ff74908803b+940523]\n\tGetHandleVerifier [0x0x7ff749090d91+976705]\n\t(No symbol) [0x0x7ff748f09ed1]\n\t(No symbol) [0x0x7ff748f028b4]\n\t(No symbol) [0x0x7ff748f02a03]\n\t(No symbol) [0x0x7ff748ef44a6]\n\tBaseThreadInitThunk [0x0x7ff8085de8d7+23]\n\tRtlUserThreadStart [0x0x7ff80899c34c+44]","statusTrace":"driver = <selenium.webdriver.edge.webdriver.WebDriver (session=\"c5e68ec8b92302aa563762ff2abd2d4b\")>\n\n    def test_verify_cart_quantity(driver):\n        verify_cart_quantity_page(driver)\\\n            .view_product_and_add_quantity(3)\\\n>           .verify_quantity_in_cart(3)\n             ^^^^^^^^^^^^^^^^^^^^^^^^^^\n\nselenium_tests\\pytest_pages\\test_verify_cart_quantity.py:9: \n_ _ _ _ _ _ _ _ _ _ _ _ _ _ _ _ _ _ _ _ _ _ _ _ _ _ _ _ _ _ _ _ _ _ _ _ _ _ _ _\nselenium_tests\\pages\\verify_cart_quantity_page.py:38: in verify_quantity_in_cart\n    qty_display = self.wait.until(\n_ _ _ _ _ _ _ _ _ _ _ _ _ _ _ _ _ _ _ _ _ _ _ _ _ _ _ _ _ _ _ _ _ _ _ _ _ _ _ _\n\nself = <selenium.webdriver.support.wait.WebDriverWait (session=\"c5e68ec8b92302aa563762ff2abd2d4b\")>\nmethod = <function visibility_of_element_located.<locals>._predicate at 0x000001935ED698A0>\nmessage = ''\n\n    def until(self, method: Callable[[D], Union[Literal[False], T]], message: str = \"\") -> T:\n        \"\"\"Wait until the method returns a value that is not False.\n    \n        Calls the method provided with the driver as an argument until the\n        return value does not evaluate to ``False``.\n    \n        Parameters:\n        -----------\n        method: callable(WebDriver)\n            - A callable object that takes a WebDriver instance as an argument.\n    \n        message: str\n            - Optional message for :exc:`TimeoutException`\n    \n        Return:\n        -------\n        object: T\n            - The result of the last call to `method`\n    \n        Raises:\n        -------\n        TimeoutException\n            - If 'method' does not return a truthy value within the WebDriverWait\n            object's timeout\n    \n        Example:\n        --------\n        >>> from selenium.webdriver.common.by import By\n        >>> from selenium.webdriver.support.ui import WebDriverWait\n        >>> from selenium.webdriver.support import expected_conditions as EC\n    \n        # Wait until an element is visible on the page\n        >>> wait = WebDriverWait(driver, 10)\n        >>> element = wait.until(EC.visibility_of_element_located((By.ID, \"exampleId\")))\n        >>> print(element.text)\n        \"\"\"\n        screen = None\n        stacktrace = None\n    \n        end_time = time.monotonic() + self._timeout\n        while True:\n            try:\n                value = method(self._driver)\n                if value:\n                    return value\n            except self._ignored_exceptions as exc:\n                screen = getattr(exc, \"screen\", None)\n                stacktrace = getattr(exc, \"stacktrace\", None)\n            if time.monotonic() > end_time:\n                break\n            time.sleep(self._poll)\n>       raise TimeoutException(message, screen, stacktrace)\nE       selenium.common.exceptions.TimeoutException: Message: \nE       Stacktrace:\nE       \tGetHandleVerifier [0x0x7ff748fa81f5+23461]\nE       \t(No symbol) [0x0x7ff748efc2e0]\nE       \tGetHandleVerifier [0x0x7ff749220128+2611928]\nE       \t(No symbol) [0x0x7ff748d191a8]\nE       \t(No symbol) [0x0x7ff748d1946b]\nE       \t(No symbol) [0x0x7ff748d59a67]\nE       \t(No symbol) [0x0x7ff748d3a6ff]\nE       \t(No symbol) [0x0x7ff748d0f58d]\nE       \t(No symbol) [0x0x7ff748d5754f]\nE       \t(No symbol) [0x0x7ff748d3a423]\nE       \t(No symbol) [0x0x7ff748d0ea86]\nE       \t(No symbol) [0x0x7ff748d0dd11]\nE       \t(No symbol) [0x0x7ff748d0e8b3]\nE       \t(No symbol) [0x0x7ff748e0dd3d]\nE       \t(No symbol) [0x0x7ff748e1b0c8]\nE       \tGetHandleVerifier [0x0x7ff74908803b+940523]\nE       \tGetHandleVerifier [0x0x7ff749090d91+976705]\nE       \t(No symbol) [0x0x7ff748f09ed1]\nE       \t(No symbol) [0x0x7ff748f028b4]\nE       \t(No symbol) [0x0x7ff748f02a03]\nE       \t(No symbol) [0x0x7ff748ef44a6]\nE       \tBaseThreadInitThunk [0x0x7ff8085de8d7+23]\nE       \tRtlUserThreadStart [0x0x7ff80899c34c+44]\n\n.venv\\Lib\\site-packages\\selenium\\webdriver\\support\\wait.py:138: TimeoutException","steps":[],"attachments":[{"uid":"5c2adc8500244339","name":"Failure Screenshot","source":"5c2adc8500244339.png","type":"image/png","size":73732},{"uid":"bacd18ab51f56ddf","name":"log","source":"bacd18ab51f56ddf.txt","type":"text/plain","size":245}],"parameters":[],"attachmentsCount":2,"shouldDisplayMessage":true,"hasContent":true,"stepsCount":0,"attachmentStep":false},"afterStages":[{"name":"driver::0","time":{"start":1755437859329,"stop":1755437862613,"duration":3284},"status":"passed","steps":[],"attachments":[],"parameters":[],"attachmentsCount":0,"shouldDisplayMessage":false,"hasContent":false,"stepsCount":0,"attachmentStep":false}],"labels":[{"name":"parentSuite","value":"selenium_tests.pytest_pages"},{"name":"suite","value":"test_verify_cart_quantity"},{"name":"host","value":"MSI"},{"name":"thread","value":"6316-MainThread"},{"name":"framework","value":"pytest"},{"name":"language","value":"cpython3"},{"name":"package","value":"selenium_tests.pytest_pages.test_verify_cart_quantity"},{"name":"resultFormat","value":"allure2"}],"parameters":[],"links":[],"hidden":false,"retry":false,"extra":{"severity":"normal","retries":[],"categories":[{"name":"Test defects","matchedStatuses":[]}],"tags":[]},"source":"ed1500dae69c3e58.json","parameterValues":[]}